2347006855685 16 1 run_loop_top curl.cpp:542
2347006856907 16 1 run_after_perform curl.cpp:544
2347006857019 16 1 run_before_notify curl.cpp:546
2347006857653 16 1 run_after_notify curl.cpp:548
2347006857827 16 1 run_before_reads curl.cpp:551
2347006858129 16 1 run_after_reads curl.cpp:558
2347006858355 16 1 run_unlocked_before_poll curl.cpp:562
2347006916527 16 2 destructor_before_lock curl.cpp:371
2347006916748 16 2 destructor_in_lock curl.cpp:374
2347006916928 16 2 destructor_after_lock_before_wakeup curl.cpp:377
2347006924235 16 2 destructor_after_wakeup_before_join curl.cpp:379
2347006932111 16 1 run_unlocked_after_poll curl.cpp:565
2347006932373 16 1 run_relock curl.cpp:567
2347006932549 16 1 run_after_new_handles_before_check curl.cpp:575
2347006932637 16 1 run_after_loop curl.cpp:582
2347007183586 16 2 destructor_after_join curl.cpp:381
2347263342610 27 1 run_loop_top curl.cpp:542
2347263343791 27 1 run_after_perform curl.cpp:544
2347263343876 27 1 run_before_notify curl.cpp:546
2347263344586 27 1 run_after_notify curl.cpp:548
2347263344679 27 1 run_before_reads curl.cpp:551
2347263345042 27 1 run_after_reads curl.cpp:558
2347263345222 27 1 run_unlocked_before_poll curl.cpp:562
2347263356970 27 2 destructor_before_lock curl.cpp:371
2347263357246 27 2 destructor_in_lock curl.cpp:374
2347263357386 27 2 destructor_after_lock_before_wakeup curl.cpp:377
2347263365376 27 2 destructor_after_wakeup_before_join curl.cpp:379
2347263372930 27 1 run_unlocked_after_poll curl.cpp:565
2347263373155 27 1 run_relock curl.cpp:567
2347263373346 27 1 run_after_new_handles_before_check curl.cpp:575
2347263373459 27 1 run_after_loop curl.cpp:582
2347263535847 27 2 destructor_after_join curl.cpp:381
2347266651278 1 1 run_loop_top curl.cpp:542
2347266652045 1 1 run_after_perform curl.cpp:544
2347266652134 1 1 run_before_notify curl.cpp:546
2347266652671 1 1 run_after_notify curl.cpp:548
2347266652769 1 1 run_before_reads curl.cpp:551
2347266653076 1 1 run_after_reads curl.cpp:558
2347266653175 1 1 run_unlocked_before_poll curl.cpp:562
2347266671211 1 2 destructor_before_lock curl.cpp:371
2347266671308 1 2 destructor_in_lock curl.cpp:374
2347266671423 1 2 destructor_after_lock_before_wakeup curl.cpp:377
2347266679613 1 2 destructor_after_wakeup_before_join curl.cpp:379
2347266690038 1 1 run_unlocked_after_poll curl.cpp:565
2347266690313 1 1 run_relock curl.cpp:567
2347266690623 1 1 run_after_new_handles_before_check curl.cpp:575
2347266690830 1 1 run_after_loop curl.cpp:582
2347266807838 1 2 destructor_after_join curl.cpp:381
2348279256592 39 1 run_loop_top curl.cpp:542
2348279257641 39 1 run_after_perform curl.cpp:544
2348279257750 39 1 run_before_notify curl.cpp:546
2348279258612 39 1 run_after_notify curl.cpp:548
2348279258690 39 1 run_before_reads curl.cpp:551
2348279259126 39 1 run_after_reads curl.cpp:558
2348279259230 39 1 run_unlocked_before_poll curl.cpp:562
2348279320703 39 2 destructor_before_lock curl.cpp:371
2348279320999 39 2 destructor_in_lock curl.cpp:374
2348279321166 39 2 destructor_after_lock_before_wakeup curl.cpp:377
2348279330458 39 2 destructor_after_wakeup_before_join curl.cpp:379
2348279337107 39 1 run_unlocked_after_poll curl.cpp:565
2348279337381 39 1 run_relock curl.cpp:567
2348279337559 39 1 run_after_new_handles_before_check curl.cpp:575
2348279337637 39 1 run_after_loop curl.cpp:582
2348279454055 39 2 destructor_after_join curl.cpp:381
2348280736929 1 3 run_loop_top curl.cpp:542
2348280737961 1 3 run_after_perform curl.cpp:544
2348280738063 1 3 run_before_notify curl.cpp:546
2348280738379 1 3 run_after_notify curl.cpp:548
2348280738477 1 3 run_before_reads curl.cpp:551
2348280738790 1 3 run_after_reads curl.cpp:558
2348280738912 1 3 run_unlocked_before_poll curl.cpp:562
2348280746133 1 2 destructor_before_lock curl.cpp:371
2348280750320 1 2 destructor_in_lock curl.cpp:374
2348280750484 1 2 destructor_after_lock_before_wakeup curl.cpp:377
2348280757500 1 2 destructor_after_wakeup_before_join curl.cpp:379
2348280764374 1 3 run_unlocked_after_poll curl.cpp:565
2348280764639 1 3 run_relock curl.cpp:567
2348280764749 1 3 run_after_new_handles_before_check curl.cpp:575
2348280764842 1 3 run_after_loop curl.cpp:582
2348280840581 1 2 destructor_after_join curl.cpp:381
