2476189631931 16 1 run_loop_top curl.cpp:542
2476189633041 16 1 run_after_perform curl.cpp:544
2476189633154 16 1 run_before_notify curl.cpp:546
2476189633621 16 1 run_after_notify curl.cpp:548
2476189633711 16 1 run_before_reads curl.cpp:551
2476189634067 16 1 run_after_reads curl.cpp:558
2476189634174 16 1 run_unlocked_before_poll curl.cpp:562
2476189715651 16 2 destructor_before_lock curl.cpp:371
2476189715891 16 2 destructor_in_lock curl.cpp:374
2476189716091 16 2 destructor_after_lock_before_wakeup curl.cpp:377
2476189723254 16 2 destructor_after_wakeup_before_join curl.cpp:379
2476189731702 16 1 run_unlocked_after_poll curl.cpp:565
2476189731922 16 1 run_relock curl.cpp:567
2476189732097 16 1 run_after_new_handles_before_check curl.cpp:575
2476189732180 16 1 run_after_loop curl.cpp:582
2476189919059 16 2 destructor_after_join curl.cpp:381
2476454413721 27 1 run_loop_top curl.cpp:542
2476454414798 27 1 run_after_perform curl.cpp:544
2476454414904 27 1 run_before_notify curl.cpp:546
2476454415303 27 1 run_after_notify curl.cpp:548
2476454415389 27 1 run_before_reads curl.cpp:551
2476454415741 27 1 run_after_reads curl.cpp:558
2476454415850 27 1 run_unlocked_before_poll curl.cpp:562
2476454428822 27 2 destructor_before_lock curl.cpp:371
2476454429040 27 2 destructor_in_lock curl.cpp:374
2476454429212 27 2 destructor_after_lock_before_wakeup curl.cpp:377
2476454435339 27 2 destructor_after_wakeup_before_join curl.cpp:379
2476454442152 27 1 run_unlocked_after_poll curl.cpp:565
2476454442380 27 1 run_relock curl.cpp:567
2476454442503 27 1 run_after_new_handles_before_check curl.cpp:575
2476454442597 27 1 run_after_loop curl.cpp:582
2476454555616 27 2 destructor_after_join curl.cpp:381
2476457322583 1 1 run_loop_top curl.cpp:542
2476457323536 1 1 run_after_perform curl.cpp:544
2476457323629 1 1 run_before_notify curl.cpp:546
2476457324005 1 1 run_after_notify curl.cpp:548
2476457324110 1 1 run_before_reads curl.cpp:551
2476457324363 1 1 run_after_reads curl.cpp:558
2476457324476 1 1 run_unlocked_before_poll curl.cpp:562
2476457350779 1 2 destructor_before_lock curl.cpp:371
2476457351004 1 2 destructor_in_lock curl.cpp:374
2476457351152 1 2 destructor_after_lock_before_wakeup curl.cpp:377
2476457357164 1 2 destructor_after_wakeup_before_join curl.cpp:379
2476457365762 1 1 run_unlocked_after_poll curl.cpp:565
2476457366029 1 1 run_relock curl.cpp:567
2476457366284 1 1 run_after_new_handles_before_check curl.cpp:575
2476457366405 1 1 run_after_loop curl.cpp:582
2476457494395 1 2 destructor_after_join curl.cpp:381
2477454413252 39 1 run_loop_top curl.cpp:542
2477454414305 39 1 run_after_perform curl.cpp:544
2477454414387 39 1 run_before_notify curl.cpp:546
2477454414797 39 1 run_after_notify curl.cpp:548
2477454414888 39 1 run_before_reads curl.cpp:551
2477454415303 39 1 run_after_reads curl.cpp:558
2477454415404 39 1 run_unlocked_before_poll curl.cpp:562
2477454470591 39 2 destructor_before_lock curl.cpp:371
2477454470758 39 2 destructor_in_lock curl.cpp:374
2477454470921 39 2 destructor_after_lock_before_wakeup curl.cpp:377
2477454478270 39 2 destructor_after_wakeup_before_join curl.cpp:379
2477454484708 39 1 run_unlocked_after_poll curl.cpp:565
2477454484957 39 1 run_relock curl.cpp:567
2477454485132 39 1 run_after_new_handles_before_check curl.cpp:575
2477454485212 39 1 run_after_loop curl.cpp:582
2477454591122 39 2 destructor_after_join curl.cpp:381
2477455696429 1 3 run_loop_top curl.cpp:542
2477455697220 1 3 run_after_perform curl.cpp:544
2477455697316 1 3 run_before_notify curl.cpp:546
2477455697683 1 3 run_after_notify curl.cpp:548
2477455697773 1 3 run_before_reads curl.cpp:551
2477455698016 1 3 run_after_reads curl.cpp:558
2477455698122 1 3 run_unlocked_before_poll curl.cpp:562
2477455723445 1 2 destructor_before_lock curl.cpp:371
2477455726773 1 2 destructor_in_lock curl.cpp:374
2477455726952 1 2 destructor_after_lock_before_wakeup curl.cpp:377
2477455734038 1 2 destructor_after_wakeup_before_join curl.cpp:379
2477455740764 1 3 run_unlocked_after_poll curl.cpp:565
2477455741043 1 3 run_relock curl.cpp:567
2477455741142 1 3 run_after_new_handles_before_check curl.cpp:575
2477455741249 1 3 run_after_loop curl.cpp:582
2477455810929 1 2 destructor_after_join curl.cpp:381
